Using pre-set license
Built from '2020.3/staging' branch; Version is '2020.3.23f1 (c5d91304a876) revision 12966163'; Using compiler version '192528614'; Build Type 'Release'
OS: 'Windows 10 Home Single Language; OS build 19042.1348; Version 2009; 64bit' Language: 'en' Physical Memory: 8084 MB
BatchMode: 1, IsHumanControllingUs: 0, StartBugReporterOnCrash: 0, Is64bit: 1, IsPro: 0

COMMAND LINE ARGUMENTS:
C:\install unity\2020.3.23f1\Editor\Unity.exe
-adb2
-batchMode
-noUpm
-name
AssetImportWorker0
-projectPath
C:/unity_projects/Unity-SOLID/Dependency Inversion Principle
-logFile
Logs/AssetImportWorker0.log
-srvPort
49764
Successfully changed project path to: C:/unity_projects/Unity-SOLID/Dependency Inversion Principle
C:/unity_projects/Unity-SOLID/Dependency Inversion Principle
Using Asset Import Pipeline V2.
Refreshing native plugins compatible for Editor in 48.89 ms, found 2 plugins.
Preloading 0 native plugins for Editor in 0.00 ms.
Initialize engine version: 2020.3.23f1 (c5d91304a876)
[Subsystems] Discovering subsystems at path C:/install unity/2020.3.23f1/Editor/Data/Resources/UnitySubsystems
[Subsystems] Discovering subsystems at path C:/unity_projects/Unity-SOLID/Dependency Inversion Principle/Assets
GfxDevice: creating device client; threaded=0
Direct3D:
    Version:  Direct3D 11.0 [level 11.0]
    Renderer: NVIDIA GeForce 840M (ID=0x1341)
    Vendor:   
    VRAM:     4055 MB
    Driver:   30.0.14.7196
Initialize mono
Mono path[0] = 'C:/install unity/2020.3.23f1/Editor/Data/Managed'
Mono path[1] = 'C:/install unity/2020.3.23f1/Editor/Data/MonoBleedingEdge/lib/mono/unityjit'
Mono config path = 'C:/install unity/2020.3.23f1/Editor/Data/MonoBleedingEdge/etc'
Using monoOptions --debugger-agent=transport=dt_socket,embedding=1,server=y,suspend=n,address=127.0.0.1:56200
Begin MonoManager ReloadAssembly
Registering precompiled unity dll's ...
Register platform support module: C:/install unity/2020.3.23f1/Editor/Data/PlaybackEngines/WindowsStandaloneSupport/UnityEditor.WindowsStandalone.Extensions.dll
Registered in 0.003205 seconds.
Native extension for WindowsStandalone target not found
Refreshing native plugins compatible for Editor in 44.33 ms, found 2 plugins.
Preloading 0 native plugins for Editor in 0.00 ms.
Mono: successfully reloaded assembly
- Completed reload, in  0.838 seconds
Domain Reload Profiling:
	ReloadAssembly (838ms)
		BeginReloadAssembly (88ms)
			ExecutionOrderSort (0ms)
			DisableScriptedObjects (0ms)
			BackupInstance (0ms)
			ReleaseScriptingObjects (0ms)
			CreateAndSetChildDomain (1ms)
		EndReloadAssembly (647ms)
			LoadAssemblies (84ms)
			RebuildTransferFunctionScriptingTraits (0ms)
			SetupTypeCache (219ms)
			ReleaseScriptCaches (0ms)
			RebuildScriptCaches (53ms)
			SetupLoadedEditorAssemblies (234ms)
				LogAssemblyErrors (0ms)
				InitializePlatformSupportModulesInManaged (6ms)
				SetLoadedEditorAssemblies (0ms)
				RefreshPlugins (44ms)
				BeforeProcessingInitializeOnLoad (24ms)
				ProcessInitializeOnLoadAttributes (119ms)
				ProcessInitializeOnLoadMethodAttributes (40ms)
				AfterProcessingInitializeOnLoad (0ms)
				EditorAssembliesLoaded (1ms)
			ExecutionOrderSort2 (0ms)
			AwakeInstancesAfterBackupRestoration (0ms)
Platform modules already initialized, skipping
Registering precompiled user dll's ...
Registered in 0.006424 seconds.
Begin MonoManager ReloadAssembly
Native extension for WindowsStandalone target not found
Refreshing native plugins compatible for Editor in 0.50 ms, found 2 plugins.
Preloading 0 native plugins for Editor in 0.00 ms.
Mono: successfully reloaded assembly
- Completed reload, in  1.676 seconds
Domain Reload Profiling:
	ReloadAssembly (1677ms)
		BeginReloadAssembly (200ms)
			ExecutionOrderSort (0ms)
			DisableScriptedObjects (7ms)
			BackupInstance (0ms)
			ReleaseScriptingObjects (0ms)
			CreateAndSetChildDomain (26ms)
		EndReloadAssembly (1393ms)
			LoadAssemblies (119ms)
			RebuildTransferFunctionScriptingTraits (0ms)
			SetupTypeCache (615ms)
			ReleaseScriptCaches (1ms)
			RebuildScriptCaches (69ms)
			SetupLoadedEditorAssemblies (456ms)
				LogAssemblyErrors (0ms)
				InitializePlatformSupportModulesInManaged (7ms)
				SetLoadedEditorAssemblies (1ms)
				RefreshPlugins (1ms)
				BeforeProcessingInitializeOnLoad (122ms)
				ProcessInitializeOnLoadAttributes (304ms)
				ProcessInitializeOnLoadMethodAttributes (13ms)
				AfterProcessingInitializeOnLoad (9ms)
				EditorAssembliesLoaded (0ms)
			ExecutionOrderSort2 (0ms)
			AwakeInstancesAfterBackupRestoration (10ms)
Platform modules already initialized, skipping
========================================================================
Worker process is ready to serve import requests
Launched and connected shader compiler UnityShaderCompiler.exe after 0.06 seconds
Refreshing native plugins compatible for Editor in 0.44 ms, found 2 plugins.
Preloading 0 native plugins for Editor in 0.00 ms.
Unloading 1498 Unused Serialized files (Serialized files now loaded: 0)
System memory in use before: 67.3 MB.
System memory in use after: 67.4 MB.

Unloading 19 unused Assets to reduce memory usage. Loaded Objects now: 1930.
Total: 4.663600 ms (FindLiveObjects: 0.237500 ms CreateObjectMapping: 0.137000 ms MarkObjects: 4.169100 ms  DeleteObjects: 0.118200 ms)

AssetImportParameters requested are different than current active one (requested -> active):
  custom:framework-win-MediaFoundation: 216162199b28c13a410421893ffa2e32 -> 
  custom:video-decoder-ogg-theora: a1e56fd34408186e4bbccfd4996cb3dc -> 
  custom:container-muxer-webm: aa71ff27fc2769a1b78a27578f13a17b -> 
  custom:container-demuxer-webm: 4f35f7cbe854078d1ac9338744f61a02 -> 
  custom:container-demuxer-ogg: 62fdf1f143b41e24485cea50d1cbac27 -> 
  custom:video-encoder-webm-vp8: eb34c28f22e8b96e1ab97ce403110664 -> 
  custom:video-decoder-webm-vp8: 9c59270c3fd7afecdb556c50c9e8de78 -> 
  custom:audio-decoder-ogg-vorbis: bf7c407c2cedff20999df2af8eb42d56 -> 
  custom:audio-encoder-webm-vorbis: bf7c407c2cedff20999df2af8eb42d56 -> 
========================================================================
Received Import Request.
  path: Assets
  artifactKey: Guid(00000000000000001000000000000000) Importer(815301076,1909f56bfc062723c751e8b465ee728b)
Start importing Assets using Guid(00000000000000001000000000000000) Importer(815301076,1909f56bfc062723c751e8b465ee728b)  -> (artifact id: '42d402b061de3733987d63b9cc3b64de') in 0.014193 seconds 
  Import took 0.018306 seconds .

========================================================================
Received Import Request.
  Time since last request: 10.766646 seconds.
  path: Assets/ShipMotorOriginal.cs
  artifactKey: Guid(a999ba3ab6341b04eb17b19dcfc98556) Importer(815301076,1909f56bfc062723c751e8b465ee728b)
Start importing Assets/ShipMotorOriginal.cs using Guid(a999ba3ab6341b04eb17b19dcfc98556) Importer(815301076,1909f56bfc062723c751e8b465ee728b)  -> (artifact id: '17eff7fc9026f019ca71f81a4238f81a') in 0.133301 seconds 
  Import took 0.145582 seconds .

========================================================================
Received Prepare
Registering precompiled user dll's ...
Registered in 0.008811 seconds.
Begin MonoManager ReloadAssembly
Native extension for WindowsStandalone target not found
Refreshing native plugins compatible for Editor in 0.50 ms, found 2 plugins.
Preloading 0 native plugins for Editor in 0.00 ms.
Mono: successfully reloaded assembly
- Completed reload, in  1.812 seconds
Domain Reload Profiling:
	ReloadAssembly (1812ms)
		BeginReloadAssembly (214ms)
			ExecutionOrderSort (0ms)
			DisableScriptedObjects (8ms)
			BackupInstance (0ms)
			ReleaseScriptingObjects (0ms)
			CreateAndSetChildDomain (66ms)
		EndReloadAssembly (1451ms)
			LoadAssemblies (175ms)
			RebuildTransferFunctionScriptingTraits (0ms)
			SetupTypeCache (455ms)
			ReleaseScriptCaches (1ms)
			RebuildScriptCaches (68ms)
			SetupLoadedEditorAssemblies (520ms)
				LogAssemblyErrors (0ms)
				InitializePlatformSupportModulesInManaged (7ms)
				SetLoadedEditorAssemblies (1ms)
				RefreshPlugins (1ms)
				BeforeProcessingInitializeOnLoad (107ms)
				ProcessInitializeOnLoadAttributes (374ms)
				ProcessInitializeOnLoadMethodAttributes (16ms)
				AfterProcessingInitializeOnLoad (14ms)
				EditorAssembliesLoaded (1ms)
			ExecutionOrderSort2 (0ms)
			AwakeInstancesAfterBackupRestoration (73ms)
Platform modules already initialized, skipping
Refreshing native plugins compatible for Editor in 0.52 ms, found 2 plugins.
Preloading 0 native plugins for Editor in 0.00 ms.
Unloading 1493 Unused Serialized files (Serialized files now loaded: 0)
System memory in use before: 67.3 MB.
System memory in use after: 67.4 MB.

Unloading 14 unused Assets to reduce memory usage. Loaded Objects now: 1933.
Total: 5.550400 ms (FindLiveObjects: 0.187800 ms CreateObjectMapping: 0.074000 ms MarkObjects: 5.234600 ms  DeleteObjects: 0.051900 ms)

AssetImportParameters requested are different than current active one (requested -> active):
  custom:framework-win-MediaFoundation: 216162199b28c13a410421893ffa2e32 -> 
  custom:video-decoder-ogg-theora: a1e56fd34408186e4bbccfd4996cb3dc -> 
  custom:container-muxer-webm: aa71ff27fc2769a1b78a27578f13a17b -> 
  custom:container-demuxer-webm: 4f35f7cbe854078d1ac9338744f61a02 -> 
  custom:container-demuxer-ogg: 62fdf1f143b41e24485cea50d1cbac27 -> 
  custom:video-encoder-webm-vp8: eb34c28f22e8b96e1ab97ce403110664 -> 
  custom:video-decoder-webm-vp8: 9c59270c3fd7afecdb556c50c9e8de78 -> 
  custom:audio-decoder-ogg-vorbis: bf7c407c2cedff20999df2af8eb42d56 -> 
  custom:audio-encoder-webm-vorbis: bf7c407c2cedff20999df2af8eb42d56 -> 
========================================================================
Received Import Request.
  Time since last request: 1425.927703 seconds.
  path: Assets/ShipMotorOriginal.cs
  artifactKey: Guid(a999ba3ab6341b04eb17b19dcfc98556) Importer(815301076,1909f56bfc062723c751e8b465ee728b)
Start importing Assets/ShipMotorOriginal.cs using Guid(a999ba3ab6341b04eb17b19dcfc98556) Importer(815301076,1909f56bfc062723c751e8b465ee728b)  -> (artifact id: '33551adbe3bdb0ac72b30efc2d4fc3d9') in 0.031085 seconds 
  Import took 0.064729 seconds .

========================================================================
Received Prepare
Registering precompiled user dll's ...
Registered in 0.111122 seconds.
Begin MonoManager ReloadAssembly
Native extension for WindowsStandalone target not found
Refreshing native plugins compatible for Editor in 0.46 ms, found 2 plugins.
Preloading 0 native plugins for Editor in 0.00 ms.
Mono: successfully reloaded assembly
- Completed reload, in  1.455 seconds
Domain Reload Profiling:
	ReloadAssembly (1455ms)
		BeginReloadAssembly (146ms)
			ExecutionOrderSort (0ms)
			DisableScriptedObjects (7ms)
			BackupInstance (0ms)
			ReleaseScriptingObjects (0ms)
			CreateAndSetChildDomain (43ms)
		EndReloadAssembly (1226ms)
			LoadAssemblies (118ms)
			RebuildTransferFunctionScriptingTraits (0ms)
			SetupTypeCache (474ms)
			ReleaseScriptCaches (1ms)
			RebuildScriptCaches (71ms)
			SetupLoadedEditorAssemblies (419ms)
				LogAssemblyErrors (0ms)
				InitializePlatformSupportModulesInManaged (8ms)
				SetLoadedEditorAssemblies (1ms)
				RefreshPlugins (1ms)
				BeforeProcessingInitializeOnLoad (109ms)
				ProcessInitializeOnLoadAttributes (271ms)
				ProcessInitializeOnLoadMethodAttributes (21ms)
				AfterProcessingInitializeOnLoad (9ms)
				EditorAssembliesLoaded (0ms)
			ExecutionOrderSort2 (0ms)
			AwakeInstancesAfterBackupRestoration (10ms)
Platform modules already initialized, skipping
Refreshing native plugins compatible for Editor in 0.47 ms, found 2 plugins.
Preloading 0 native plugins for Editor in 0.00 ms.
Unloading 1493 Unused Serialized files (Serialized files now loaded: 0)
System memory in use before: 67.3 MB.
System memory in use after: 67.4 MB.

Unloading 14 unused Assets to reduce memory usage. Loaded Objects now: 1935.
Total: 3.381600 ms (FindLiveObjects: 0.225500 ms CreateObjectMapping: 0.079700 ms MarkObjects: 3.041400 ms  DeleteObjects: 0.033400 ms)

AssetImportParameters requested are different than current active one (requested -> active):
  custom:framework-win-MediaFoundation: 216162199b28c13a410421893ffa2e32 -> 
  custom:video-decoder-ogg-theora: a1e56fd34408186e4bbccfd4996cb3dc -> 
  custom:container-muxer-webm: aa71ff27fc2769a1b78a27578f13a17b -> 
  custom:container-demuxer-webm: 4f35f7cbe854078d1ac9338744f61a02 -> 
  custom:container-demuxer-ogg: 62fdf1f143b41e24485cea50d1cbac27 -> 
  custom:video-encoder-webm-vp8: eb34c28f22e8b96e1ab97ce403110664 -> 
  custom:video-decoder-webm-vp8: 9c59270c3fd7afecdb556c50c9e8de78 -> 
  custom:audio-decoder-ogg-vorbis: bf7c407c2cedff20999df2af8eb42d56 -> 
  custom:audio-encoder-webm-vorbis: bf7c407c2cedff20999df2af8eb42d56 -> 
========================================================================
Received Import Request.
  Time since last request: 250.392766 seconds.
  path: Assets/Ship.cs
  artifactKey: Guid(ca0a355dc102fe949a1eca379988085b) Importer(815301076,1909f56bfc062723c751e8b465ee728b)
Start importing Assets/Ship.cs using Guid(ca0a355dc102fe949a1eca379988085b) Importer(815301076,1909f56bfc062723c751e8b465ee728b)  -> (artifact id: '3da21e32cc9e9bb99c617def22efa2de') in 0.024622 seconds 
  Import took 0.050181 seconds .

========================================================================
Received Prepare
Registering precompiled user dll's ...
Registered in 0.009888 seconds.
Begin MonoManager ReloadAssembly
Native extension for WindowsStandalone target not found
Refreshing native plugins compatible for Editor in 0.71 ms, found 2 plugins.
Preloading 0 native plugins for Editor in 0.00 ms.
Mono: successfully reloaded assembly
- Completed reload, in  2.041 seconds
Domain Reload Profiling:
	ReloadAssembly (2041ms)
		BeginReloadAssembly (209ms)
			ExecutionOrderSort (0ms)
			DisableScriptedObjects (9ms)
			BackupInstance (0ms)
			ReleaseScriptingObjects (0ms)
			CreateAndSetChildDomain (63ms)
		EndReloadAssembly (1689ms)
			LoadAssemblies (191ms)
			RebuildTransferFunctionScriptingTraits (0ms)
			SetupTypeCache (564ms)
			ReleaseScriptCaches (1ms)
			RebuildScriptCaches (77ms)
			SetupLoadedEditorAssemblies (619ms)
				LogAssemblyErrors (0ms)
				InitializePlatformSupportModulesInManaged (12ms)
				SetLoadedEditorAssemblies (1ms)
				RefreshPlugins (1ms)
				BeforeProcessingInitializeOnLoad (160ms)
				ProcessInitializeOnLoadAttributes (418ms)
				ProcessInitializeOnLoadMethodAttributes (16ms)
				AfterProcessingInitializeOnLoad (11ms)
				EditorAssembliesLoaded (1ms)
			ExecutionOrderSort2 (0ms)
			AwakeInstancesAfterBackupRestoration (10ms)
Platform modules already initialized, skipping
Refreshing native plugins compatible for Editor in 0.73 ms, found 2 plugins.
Preloading 0 native plugins for Editor in 0.00 ms.
Unloading 1494 Unused Serialized files (Serialized files now loaded: 0)
System memory in use before: 67.3 MB.
System memory in use after: 67.4 MB.

Unloading 14 unused Assets to reduce memory usage. Loaded Objects now: 1938.
Total: 4.789500 ms (FindLiveObjects: 0.183200 ms CreateObjectMapping: 0.070500 ms MarkObjects: 4.506300 ms  DeleteObjects: 0.028200 ms)

AssetImportParameters requested are different than current active one (requested -> active):
  custom:framework-win-MediaFoundation: 216162199b28c13a410421893ffa2e32 -> 
  custom:video-decoder-ogg-theora: a1e56fd34408186e4bbccfd4996cb3dc -> 
  custom:container-muxer-webm: aa71ff27fc2769a1b78a27578f13a17b -> 
  custom:container-demuxer-webm: 4f35f7cbe854078d1ac9338744f61a02 -> 
  custom:container-demuxer-ogg: 62fdf1f143b41e24485cea50d1cbac27 -> 
  custom:video-encoder-webm-vp8: eb34c28f22e8b96e1ab97ce403110664 -> 
  custom:video-decoder-webm-vp8: 9c59270c3fd7afecdb556c50c9e8de78 -> 
  custom:audio-decoder-ogg-vorbis: bf7c407c2cedff20999df2af8eb42d56 -> 
  custom:audio-encoder-webm-vorbis: bf7c407c2cedff20999df2af8eb42d56 -> 
========================================================================
Received Import Request.
  Time since last request: 2549.042110 seconds.
  path: Assets/ShipSettings.cs
  artifactKey: Guid(94e48636d7b20194584bc676d8b8bb83) Importer(815301076,1909f56bfc062723c751e8b465ee728b)
Start importing Assets/ShipSettings.cs using Guid(94e48636d7b20194584bc676d8b8bb83) Importer(815301076,1909f56bfc062723c751e8b465ee728b)  -> (artifact id: '4ffc7a90a1f6fea8edcf7e81a12510ec') in 0.089676 seconds 
  Import took 0.121228 seconds .

========================================================================
Received Import Request.
  Time since last request: 241.977142 seconds.
  path: Assets/ShipSettings.cs
  artifactKey: Guid(94e48636d7b20194584bc676d8b8bb83) Importer(815301076,1909f56bfc062723c751e8b465ee728b)
Start importing Assets/ShipSettings.cs using Guid(94e48636d7b20194584bc676d8b8bb83) Importer(815301076,1909f56bfc062723c751e8b465ee728b)  -> (artifact id: '9da92f4487eca564de4466cd7ba908f6') in 0.028509 seconds 
  Import took 0.060888 seconds .

========================================================================
Received Import Request.
  Time since last request: 18.990027 seconds.
  path: Assets/ShipSettings.cs
  artifactKey: Guid(94e48636d7b20194584bc676d8b8bb83) Importer(815301076,1909f56bfc062723c751e8b465ee728b)
Start importing Assets/ShipSettings.cs using Guid(94e48636d7b20194584bc676d8b8bb83) Importer(815301076,1909f56bfc062723c751e8b465ee728b)  -> (artifact id: '2226c36716a6c460ecd67fbbb414f7f4') in 0.011920 seconds 
  Import took 0.031036 seconds .

========================================================================
Received Import Request.
  Time since last request: 238.133287 seconds.
  path: Assets/ShipMotor.cs
  artifactKey: Guid(b031a90e02e77f1499a8a05ff659ee6d) Importer(815301076,1909f56bfc062723c751e8b465ee728b)
Start importing Assets/ShipMotor.cs using Guid(b031a90e02e77f1499a8a05ff659ee6d) Importer(815301076,1909f56bfc062723c751e8b465ee728b)  -> (artifact id: 'e808317bb5d0b28c1677a3285ad040e4') in 0.027357 seconds 
  Import took 0.056516 seconds .

========================================================================
Received Import Request.
  Time since last request: 378.072875 seconds.
  path: Assets/IShipInput.cs
  artifactKey: Guid(d1b98157c89dc214ebf1da144c899546) Importer(815301076,1909f56bfc062723c751e8b465ee728b)
Start importing Assets/IShipInput.cs using Guid(d1b98157c89dc214ebf1da144c899546) Importer(815301076,1909f56bfc062723c751e8b465ee728b)  -> (artifact id: '848f9f7895d7663d4df6d0c90e8eefd4') in 0.024819 seconds 
  Import took 0.032349 seconds .

========================================================================
Received Import Request.
  Time since last request: 51.030438 seconds.
  path: Assets/IShipInput.cs
  artifactKey: Guid(d1b98157c89dc214ebf1da144c899546) Importer(815301076,1909f56bfc062723c751e8b465ee728b)
Start importing Assets/IShipInput.cs using Guid(d1b98157c89dc214ebf1da144c899546) Importer(815301076,1909f56bfc062723c751e8b465ee728b)  -> (artifact id: 'd7ee63bdaccd90420dc516d8d0fc6949') in 0.023850 seconds 
  Import took 0.031523 seconds .

========================================================================
Received Import Request.
  Time since last request: 57.400349 seconds.
  path: Assets/Scripts
  artifactKey: Guid(f332eb9f27683754cb94f08b9037449b) Importer(815301076,1909f56bfc062723c751e8b465ee728b)
Start importing Assets/Scripts using Guid(f332eb9f27683754cb94f08b9037449b) Importer(815301076,1909f56bfc062723c751e8b465ee728b)  -> (artifact id: 'a267be5d55fdbb88d2d6b95aa6d35b8f') in 0.021113 seconds 
  Import took 0.030873 seconds .

========================================================================
Received Import Request.
  Time since last request: 31.248047 seconds.
  path: Assets/Scripts/AiInput.cs
  artifactKey: Guid(64f8cf02139b19c40bd37d60b7860ac8) Importer(815301076,1909f56bfc062723c751e8b465ee728b)
Start importing Assets/Scripts/AiInput.cs using Guid(64f8cf02139b19c40bd37d60b7860ac8) Importer(815301076,1909f56bfc062723c751e8b465ee728b)  -> (artifact id: 'bc1c55f7a3a7c50197d1e5e6d76b82d7') in 0.051097 seconds 
  Import took 0.075631 seconds .

========================================================================
Received Import Request.
  Time since last request: 163.313250 seconds.
  path: Assets/Scripts/AiInput.cs
  artifactKey: Guid(64f8cf02139b19c40bd37d60b7860ac8) Importer(815301076,1909f56bfc062723c751e8b465ee728b)
Start importing Assets/Scripts/AiInput.cs using Guid(64f8cf02139b19c40bd37d60b7860ac8) Importer(815301076,1909f56bfc062723c751e8b465ee728b)  -> (artifact id: 'c5ef73284080928ab5fb220a350c9242') in 0.034744 seconds 
  Import took 0.045780 seconds .

========================================================================
Received Import Request.
  Time since last request: 49.137989 seconds.
  path: Assets/Scripts/ControllerInput.cs
  artifactKey: Guid(95a08ece2ad454848b0d5587ba0c8dcd) Importer(815301076,1909f56bfc062723c751e8b465ee728b)
Start importing Assets/Scripts/ControllerInput.cs using Guid(95a08ece2ad454848b0d5587ba0c8dcd) Importer(815301076,1909f56bfc062723c751e8b465ee728b)  -> (artifact id: '86308f7dcdaefe57893f9bc39fa617b5') in 0.060796 seconds 
  Import took 0.077399 seconds .

========================================================================
Received Import Request.
  Time since last request: 319.636269 seconds.
  path: Assets/Scripts/ControllerInput.cs
  artifactKey: Guid(95a08ece2ad454848b0d5587ba0c8dcd) Importer(815301076,1909f56bfc062723c751e8b465ee728b)
Start importing Assets/Scripts/ControllerInput.cs using Guid(95a08ece2ad454848b0d5587ba0c8dcd) Importer(815301076,1909f56bfc062723c751e8b465ee728b)  -> (artifact id: '92a3837d2c62221f00d1c3d6f75111dc') in 0.008740 seconds 
  Import took 0.031442 seconds .

========================================================================
Received Prepare
Registering precompiled user dll's ...
Registered in 0.018457 seconds.
Begin MonoManager ReloadAssembly
Native extension for WindowsStandalone target not found
Refreshing native plugins compatible for Editor in 0.49 ms, found 2 plugins.
Preloading 0 native plugins for Editor in 0.00 ms.
Mono: successfully reloaded assembly
- Completed reload, in  2.031 seconds
Domain Reload Profiling:
	ReloadAssembly (2036ms)
		BeginReloadAssembly (331ms)
			ExecutionOrderSort (0ms)
			DisableScriptedObjects (26ms)
			BackupInstance (0ms)
			ReleaseScriptingObjects (0ms)
			CreateAndSetChildDomain (146ms)
		EndReloadAssembly (1533ms)
			LoadAssemblies (228ms)
			RebuildTransferFunctionScriptingTraits (0ms)
			SetupTypeCache (578ms)
			ReleaseScriptCaches (1ms)
			RebuildScriptCaches (102ms)
			SetupLoadedEditorAssemblies (465ms)
				LogAssemblyErrors (0ms)
				InitializePlatformSupportModulesInManaged (8ms)
				SetLoadedEditorAssemblies (1ms)
				RefreshPlugins (1ms)
				BeforeProcessingInitializeOnLoad (130ms)
				ProcessInitializeOnLoadAttributes (301ms)
				ProcessInitializeOnLoadMethodAttributes (14ms)
				AfterProcessingInitializeOnLoad (10ms)
				EditorAssembliesLoaded (0ms)
			ExecutionOrderSort2 (0ms)
			AwakeInstancesAfterBackupRestoration (10ms)
Platform modules already initialized, skipping
Refreshing native plugins compatible for Editor in 0.48 ms, found 2 plugins.
Preloading 0 native plugins for Editor in 0.00 ms.
Unloading 1499 Unused Serialized files (Serialized files now loaded: 0)
System memory in use before: 67.4 MB.
System memory in use after: 67.5 MB.

Unloading 14 unused Assets to reduce memory usage. Loaded Objects now: 1945.
Total: 4.601300 ms (FindLiveObjects: 0.232700 ms CreateObjectMapping: 0.131200 ms MarkObjects: 4.176100 ms  DeleteObjects: 0.059100 ms)

AssetImportParameters requested are different than current active one (requested -> active):
  custom:framework-win-MediaFoundation: 216162199b28c13a410421893ffa2e32 -> 
  custom:video-decoder-ogg-theora: a1e56fd34408186e4bbccfd4996cb3dc -> 
  custom:container-muxer-webm: aa71ff27fc2769a1b78a27578f13a17b -> 
  custom:container-demuxer-webm: 4f35f7cbe854078d1ac9338744f61a02 -> 
  custom:container-demuxer-ogg: 62fdf1f143b41e24485cea50d1cbac27 -> 
  custom:video-encoder-webm-vp8: eb34c28f22e8b96e1ab97ce403110664 -> 
  custom:video-decoder-webm-vp8: 9c59270c3fd7afecdb556c50c9e8de78 -> 
  custom:audio-decoder-ogg-vorbis: bf7c407c2cedff20999df2af8eb42d56 -> 
  custom:audio-encoder-webm-vorbis: bf7c407c2cedff20999df2af8eb42d56 -> 
========================================================================
Received Import Request.
  Time since last request: 31.838285 seconds.
  path: Assets/Scripts/ShipMotor.cs
  artifactKey: Guid(b031a90e02e77f1499a8a05ff659ee6d) Importer(815301076,1909f56bfc062723c751e8b465ee728b)
Start importing Assets/Scripts/ShipMotor.cs using Guid(b031a90e02e77f1499a8a05ff659ee6d) Importer(815301076,1909f56bfc062723c751e8b465ee728b)  -> (artifact id: 'd8c0028e2c3aac50ec6750d967b3fb3f') in 0.013910 seconds 
  Import took 0.029624 seconds .

========================================================================
Received Import Request.
  Time since last request: 10.662982 seconds.
  path: Assets/Scripts/Ship.cs
  artifactKey: Guid(ca0a355dc102fe949a1eca379988085b) Importer(815301076,1909f56bfc062723c751e8b465ee728b)
Start importing Assets/Scripts/Ship.cs using Guid(ca0a355dc102fe949a1eca379988085b) Importer(815301076,1909f56bfc062723c751e8b465ee728b)  -> (artifact id: 'acb19c3c28dc709bac855f967017ce0f') in 0.005356 seconds 
  Import took 0.011359 seconds .

